<?xml version="1.0" encoding="utf-8"?><testsuites name="pytest tests"><testsuite name="pytest" errors="0" failures="0" skipped="0" tests="6" time="1.346" timestamp="2026-07-10T12:38:23.424972+00:00" hostname="agent-env-fddedc84-0a8e-4d4b-aa2b-332d73c18e19"><testcase classname="tests.backend_test.TestContactPhone" name="test_create_with_phone_persists" time="0.403" /><testcase classname="tests.backend_test.TestRoot" name="test_root" time="0.164" /><testcase classname="tests.backend_test.TestContactPhone" name="test_missing_phone_returns_422" time="0.132" /><testcase classname="tests.backend_test.TestContactPhone" name="test_short_phone_returns_422" time="0.131" /><testcase classname="tests.backend_test.TestContactPhone" name="test_get_backward_compat_old_records" time="0.110" /><testcase classname="tests.backend_test.TestContactPhone" name="test_invalid_email" time="0.100" /></testsuite></testsuites>