<?xml version="1.0" encoding="utf-8"?><testsuites name="pytest tests"><testsuite name="pytest" errors="0" failures="0" skipped="0" tests="6" time="1.305" timestamp="2026-07-04T19:00:49.287350+00:00" hostname="agent-env-fddedc84-0a8e-4d4b-aa2b-332d73c18e19"><testcase classname="tests.backend_test.TestContact" name="test_create_valid_and_persist" time="0.315" /><testcase classname="tests.backend_test.TestRoot" name="test_root" time="0.272" /><testcase classname="tests.backend_test.TestContact" name="test_invalid_email" time="0.100" /><testcase classname="tests.backend_test.TestContact" name="test_missing_fields" time="0.127" /><testcase classname="tests.backend_test.TestContact" name="test_empty_name" time="0.094" /><testcase classname="tests.backend_test.TestContact" name="test_empty_details" time="0.144" /></testsuite></testsuites>